2024-06-15T13:58:14.547+09:00  INFO 73405 --- [main] quiz.exquiz_me.ExQuizMeApplication       : Starting ExQuizMeApplication using Java 17 with PID 73405 (/Users/ijeong-eun/Desktop/ExQuiz_Me/ExQuiz_Me/build/classes/java/main started by ijeong-eun in /Users/ijeong-eun/Desktop/ExQuiz_Me/ExQuiz_Me)
2024-06-15T13:58:14.558+09:00  INFO 73405 --- [main] quiz.exquiz_me.ExQuizMeApplication       : No active profile set, falling back to 1 default profile: "default"
2024-06-15T13:58:15.602+09:00  INFO 73405 --- [main] .s.d.r.c.RepositoryConfigurationDelegate : Bootstrapping Spring Data JPA repositories in DEFAULT mode.
2024-06-15T13:58:15.755+09:00  INFO 73405 --- [main] .s.d.r.c.RepositoryConfigurationDelegate : Finished Spring Data repository scanning in 142 ms. Found 6 JPA repository interfaces.
2024-06-15T13:58:16.554+09:00  INFO 73405 --- [main] o.s.b.w.embedded.tomcat.TomcatWebServer  : Tomcat initialized with port 8080 (http)
2024-06-15T13:58:16.568+09:00  INFO 73405 --- [main] o.apache.catalina.core.StandardService   : Starting service [Tomcat]
2024-06-15T13:58:16.569+09:00  INFO 73405 --- [main] o.apache.catalina.core.StandardEngine    : Starting Servlet engine: [Apache Tomcat/10.1.19]
2024-06-15T13:58:16.654+09:00  INFO 73405 --- [main] o.a.c.c.C.[Tomcat].[localhost].[/]       : Initializing Spring embedded WebApplicationContext
2024-06-15T13:58:16.655+09:00  INFO 73405 --- [main] w.s.c.ServletWebServerApplicationContext : Root WebApplicationContext: initialization completed in 1992 ms
2024-06-15T13:58:16.874+09:00 DEBUG 73405 --- [main] o.springframework.web.filter.CorsFilter  : Filter 'corsFilter' configured for use
2024-06-15T13:58:17.208+09:00  INFO 73405 --- [main] o.hibernate.jpa.internal.util.LogHelper  : HHH000204: Processing PersistenceUnitInfo [name: default]
2024-06-15T13:58:17.339+09:00  INFO 73405 --- [main] org.hibernate.Version                    : HHH000412: Hibernate ORM core version 6.4.4.Final
2024-06-15T13:58:17.456+09:00  INFO 73405 --- [main] o.h.c.internal.RegionFactoryInitiator    : HHH000026: Second-level cache disabled
2024-06-15T13:58:18.304+09:00  INFO 73405 --- [main] o.s.o.j.p.SpringPersistenceUnitInfo      : No LoadTimeWeaver setup: ignoring JPA class transformer
2024-06-15T13:58:18.400+09:00  INFO 73405 --- [main] com.zaxxer.hikari.HikariDataSource       : HikariPool-1 - Starting...
2024-06-15T13:58:23.754+09:00  INFO 73405 --- [main] com.zaxxer.hikari.pool.HikariPool        : HikariPool-1 - Added connection com.mysql.cj.jdbc.ConnectionImpl@211a9647
2024-06-15T13:58:23.769+09:00  INFO 73405 --- [main] com.zaxxer.hikari.HikariDataSource       : HikariPool-1 - Start completed.
2024-06-15T13:58:25.616+09:00  INFO 73405 --- [main] o.h.e.t.j.p.i.JtaPlatformInitiator       : HHH000489: No JTA platform available (set 'hibernate.transaction.jta.platform' to enable JTA platform integration)
2024-06-15T13:58:26.112+09:00  INFO 73405 --- [main] j.LocalContainerEntityManagerFactoryBean : Initialized JPA EntityManagerFactory for persistence unit 'default'
2024-06-15T13:58:26.395+09:00  INFO 73405 --- [main] o.s.d.j.r.query.QueryEnhancerFactory     : Hibernate is in classpath; If applicable, HQL parser will be used.
2024-06-15T13:58:26.706+09:00  WARN 73405 --- [main] JpaBaseConfiguration$JpaWebConfiguration : spring.jpa.open-in-view is enabled by default. Therefore, database queries may be performed during view rendering. Explicitly configure spring.jpa.open-in-view to disable this warning
2024-06-15T13:58:26.803+09:00 DEBUG 73405 --- [main] o.s.w.s.s.s.WebSocketHandlerMapping      : Patterns [/ws/**] in 'stompWebSocketHandlerMapping'
2024-06-15T13:58:26.849+09:00 DEBUG 73405 --- [main] s.w.s.m.m.a.RequestMappingHandlerMapping : 13 mappings in 'requestMappingHandlerMapping'
2024-06-15T13:58:26.874+09:00 DEBUG 73405 --- [main] o.s.w.s.handler.SimpleUrlHandlerMapping  : Patterns [/webjars/**, /**] in 'resourceHandlerMapping'
2024-06-15T13:58:26.921+09:00  INFO 73405 --- [main] o.s.s.web.DefaultSecurityFilterChain     : Will secure any request with [org.springframework.security.web.session.DisableEncodeUrlFilter@a712344, org.springframework.security.web.session.ForceEagerSessionCreationFilter@6da53709, org.springframework.security.web.context.request.async.WebAsyncManagerIntegrationFilter@245a90b1, org.springframework.security.web.context.SecurityContextHolderFilter@4a23be9, org.springframework.security.web.header.HeaderWriterFilter@4e739968, org.springframework.web.filter.CorsFilter@441fbe89, org.springframework.security.web.authentication.logout.LogoutFilter@1d0695da, org.springframework.security.web.authentication.UsernamePasswordAuthenticationFilter@2ab0ca04, org.springframework.security.web.savedrequest.RequestCacheAwareFilter@5d96b0f, org.springframework.security.web.servletapi.SecurityContextHolderAwareRequestFilter@5f31385e, org.springframework.security.web.authentication.AnonymousAuthenticationFilter@6b438782, org.springframework.security.web.session.SessionManagementFilter@2e903c69, org.springframework.security.web.access.ExceptionTranslationFilter@6a06b374, org.springframework.security.web.access.intercept.FilterSecurityInterceptor@40fd9358]
2024-06-15T13:58:26.955+09:00 DEBUG 73405 --- [main] .WebSocketAnnotationMethodMessageHandler : 
	q.e.c.c.CardController:
	
2024-06-15T13:58:26.955+09:00 DEBUG 73405 --- [main] .WebSocketAnnotationMethodMessageHandler : 
	q.e.c.BoardController:
	
2024-06-15T13:58:26.955+09:00 DEBUG 73405 --- [main] .WebSocketAnnotationMethodMessageHandler : 
	q.e.c.LoginController:
	
2024-06-15T13:58:26.955+09:00 DEBUG 73405 --- [main] .WebSocketAnnotationMethodMessageHandler : 
	q.e.c.MainController:
	
2024-06-15T13:58:26.955+09:00 DEBUG 73405 --- [main] .WebSocketAnnotationMethodMessageHandler : 
	q.e.c.SignUpController:
	
2024-06-15T13:58:26.955+09:00 DEBUG 73405 --- [main] .WebSocketAnnotationMethodMessageHandler : 
	q.e.c.UserController:
	
2024-06-15T13:58:26.958+09:00 DEBUG 73405 --- [main] .WebSocketAnnotationMethodMessageHandler : 
	q.e.c.WebSocketController:
	{[MESSAGE],[/join]}: joinGame(ParticipantUpdate)
2024-06-15T13:58:26.959+09:00 DEBUG 73405 --- [main] .WebSocketAnnotationMethodMessageHandler : 
	q.e.g.c.GameSessionController:
	
2024-06-15T13:58:26.959+09:00 DEBUG 73405 --- [main] .WebSocketAnnotationMethodMessageHandler : 
	o.s.b.a.w.s.e.BasicErrorController:
	
2024-06-15T13:58:26.995+09:00 DEBUG 73405 --- [main] s.w.s.m.m.a.RequestMappingHandlerAdapter : ControllerAdvice beans: 0 @ModelAttribute, 0 @InitBinder, 1 RequestBodyAdvice, 1 ResponseBodyAdvice
2024-06-15T13:58:27.016+09:00 DEBUG 73405 --- [main] .m.m.a.ExceptionHandlerExceptionResolver : ControllerAdvice beans: 0 @ExceptionHandler, 1 ResponseBodyAdvice
2024-06-15T13:58:27.126+09:00  INFO 73405 --- [main] o.s.b.w.embedded.tomcat.TomcatWebServer  : Tomcat started on port 8080 (http) with context path ''
2024-06-15T13:58:27.127+09:00 DEBUG 73405 --- [main] org.springframework.web.SimpLogging      : clientOutboundChannel added SubProtocolWebSocketHandler[StompSubProtocolHandler[v10.stomp, v11.stomp, v12.stomp]]
2024-06-15T13:58:27.127+09:00 DEBUG 73405 --- [main] org.springframework.web.SimpLogging      : clientInboundChannel added WebSocketAnnotationMethodMessageHandler[prefixes=[/app/]]
2024-06-15T13:58:27.127+09:00  INFO 73405 --- [main] o.s.m.s.b.SimpleBrokerMessageHandler     : Starting...
2024-06-15T13:58:27.127+09:00 DEBUG 73405 --- [main] org.springframework.web.SimpLogging      : clientInboundChannel added SimpleBrokerMessageHandler [org.springframework.messaging.simp.broker.DefaultSubscriptionRegistry@1098c1b1]
2024-06-15T13:58:27.128+09:00 DEBUG 73405 --- [main] org.springframework.web.SimpLogging      : brokerChannel added SimpleBrokerMessageHandler [org.springframework.messaging.simp.broker.DefaultSubscriptionRegistry@1098c1b1]
2024-06-15T13:58:27.128+09:00  INFO 73405 --- [main] o.s.m.s.b.SimpleBrokerMessageHandler     : BrokerAvailabilityEvent[available=true, SimpleBrokerMessageHandler [org.springframework.messaging.simp.broker.DefaultSubscriptionRegistry@1098c1b1]]
2024-06-15T13:58:27.128+09:00  INFO 73405 --- [main] o.s.m.s.b.SimpleBrokerMessageHandler     : Started.
2024-06-15T13:58:27.128+09:00 DEBUG 73405 --- [main] org.springframework.web.SimpLogging      : clientInboundChannel added UserDestinationMessageHandler[DefaultUserDestinationResolver[prefix=/user/]]
2024-06-15T13:58:27.128+09:00 DEBUG 73405 --- [main] org.springframework.web.SimpLogging      : brokerChannel added UserDestinationMessageHandler[DefaultUserDestinationResolver[prefix=/user/]]
2024-06-15T13:58:27.135+09:00  INFO 73405 --- [main] quiz.exquiz_me.ExQuizMeApplication       : Started ExQuizMeApplication in 13.55 seconds (process running for 15.374)
2024-06-15T13:58:29.573+09:00  INFO 73405 --- [http-nio-192.0.0.2-8080-exec-1] o.a.c.c.C.[Tomcat].[localhost].[/]       : Initializing Spring DispatcherServlet 'dispatcherServlet'
2024-06-15T13:58:29.573+09:00  INFO 73405 --- [http-nio-192.0.0.2-8080-exec-1] o.s.web.servlet.DispatcherServlet        : Initializing Servlet 'dispatcherServlet'
2024-06-15T13:58:29.574+09:00 DEBUG 73405 --- [http-nio-192.0.0.2-8080-exec-1] o.s.web.servlet.DispatcherServlet        : Detected StandardServletMultipartResolver
2024-06-15T13:58:29.574+09:00 DEBUG 73405 --- [http-nio-192.0.0.2-8080-exec-1] o.s.web.servlet.DispatcherServlet        : Detected AcceptHeaderLocaleResolver
2024-06-15T13:58:29.574+09:00 DEBUG 73405 --- [http-nio-192.0.0.2-8080-exec-1] o.s.web.servlet.DispatcherServlet        : Detected FixedThemeResolver
2024-06-15T13:58:29.575+09:00 DEBUG 73405 --- [http-nio-192.0.0.2-8080-exec-1] o.s.web.servlet.DispatcherServlet        : Detected org.springframework.web.servlet.view.DefaultRequestToViewNameTranslator@4a28b6d0
2024-06-15T13:58:29.575+09:00 DEBUG 73405 --- [http-nio-192.0.0.2-8080-exec-1] o.s.web.servlet.DispatcherServlet        : Detected org.springframework.web.servlet.support.SessionFlashMapManager@6f1b0ead
2024-06-15T13:58:29.575+09:00 DEBUG 73405 --- [http-nio-192.0.0.2-8080-exec-1] o.s.web.servlet.DispatcherServlet        : enableLoggingRequestDetails='false': request parameters and headers will be masked to prevent unsafe logging of potentially sensitive data
2024-06-15T13:58:29.575+09:00  INFO 73405 --- [http-nio-192.0.0.2-8080-exec-1] o.s.web.servlet.DispatcherServlet        : Completed initialization in 2 ms
2024-06-15T13:58:35.450+09:00 DEBUG 73405 --- [http-nio-192.0.0.2-8080-exec-3] o.s.web.servlet.DispatcherServlet        : GET "/api/cards", parameters={}
2024-06-15T13:58:35.450+09:00 DEBUG 73405 --- [http-nio-192.0.0.2-8080-exec-4] o.s.web.servlet.DispatcherServlet        : GET "/api/cards/user", parameters={}
2024-06-15T13:58:35.451+09:00 DEBUG 73405 --- [http-nio-192.0.0.2-8080-exec-3] s.w.s.m.m.a.RequestMappingHandlerMapping : Mapped to quiz.exquiz_me.card.controller.CardController#getAllCards()
2024-06-15T13:58:35.451+09:00 DEBUG 73405 --- [http-nio-192.0.0.2-8080-exec-4] s.w.s.m.m.a.RequestMappingHandlerMapping : Mapped to quiz.exquiz_me.card.controller.CardController#getUserCards()
2024-06-15T13:58:35.529+09:00 DEBUG 73405 --- [http-nio-192.0.0.2-8080-exec-4] o.s.w.s.m.m.a.HttpEntityMethodProcessor  : Using 'application/json', given [application/json, text/plain, */*] and supported [application/json, application/*+json]
2024-06-15T13:58:35.529+09:00 DEBUG 73405 --- [http-nio-192.0.0.2-8080-exec-3] o.s.w.s.m.m.a.HttpEntityMethodProcessor  : Using 'application/json', given [application/json, text/plain, */*] and supported [application/json, application/*+json]
2024-06-15T13:58:35.532+09:00 DEBUG 73405 --- [http-nio-192.0.0.2-8080-exec-4] o.s.w.s.m.m.a.HttpEntityMethodProcessor  : Writing [[CardDTO(cardNumber=1, userEmail=asdf1234@gmail.com, title=고등 영단어, writeDateTime=2024-06-13 19:27:55 (truncated)...]
2024-06-15T13:58:35.532+09:00 DEBUG 73405 --- [http-nio-192.0.0.2-8080-exec-3] o.s.w.s.m.m.a.HttpEntityMethodProcessor  : Writing [[CardDTO(cardNumber=1, userEmail=asdf1234@gmail.com, title=고등 영단어, writeDateTime=2024-06-13 19:27:55 (truncated)...]
2024-06-15T13:58:35.568+09:00 DEBUG 73405 --- [http-nio-192.0.0.2-8080-exec-4] o.s.web.servlet.DispatcherServlet        : Completed 200 OK
2024-06-15T13:58:35.568+09:00 DEBUG 73405 --- [http-nio-192.0.0.2-8080-exec-3] o.s.web.servlet.DispatcherServlet        : Completed 200 OK
2024-06-15T13:58:36.666+09:00 DEBUG 73405 --- [http-nio-192.0.0.2-8080-exec-8] o.s.web.servlet.DispatcherServlet        : POST "/api/cards/1/view", parameters={}
2024-06-15T13:58:36.667+09:00 DEBUG 73405 --- [http-nio-192.0.0.2-8080-exec-8] s.w.s.m.m.a.RequestMappingHandlerMapping : Mapped to quiz.exquiz_me.card.controller.CardController#increaseViewCount(Long)
2024-06-15T13:58:36.727+09:00 DEBUG 73405 --- [http-nio-192.0.0.2-8080-exec-8] o.s.w.s.m.m.a.HttpEntityMethodProcessor  : Using 'application/json', given [application/json, text/plain, */*] and supported [*/*]
2024-06-15T13:58:36.728+09:00 DEBUG 73405 --- [http-nio-192.0.0.2-8080-exec-8] o.s.web.servlet.DispatcherServlet        : Completed 200 OK
2024-06-15T13:59:16.840+09:00  INFO 73566 --- [main] quiz.exquiz_me.ExQuizMeApplication       : Starting ExQuizMeApplication using Java 17 with PID 73566 (/Users/ijeong-eun/Desktop/ExQuiz_Me/ExQuiz_Me/build/classes/java/main started by ijeong-eun in /Users/ijeong-eun/Desktop/ExQuiz_Me/ExQuiz_Me)
2024-06-15T13:59:16.842+09:00  INFO 73566 --- [main] quiz.exquiz_me.ExQuizMeApplication       : No active profile set, falling back to 1 default profile: "default"
2024-06-15T13:59:17.469+09:00  INFO 73566 --- [main] .s.d.r.c.RepositoryConfigurationDelegate : Bootstrapping Spring Data JPA repositories in DEFAULT mode.
2024-06-15T13:59:17.514+09:00  INFO 73566 --- [main] .s.d.r.c.RepositoryConfigurationDelegate : Finished Spring Data repository scanning in 39 ms. Found 6 JPA repository interfaces.
2024-06-15T13:59:17.874+09:00  INFO 73566 --- [main] o.s.b.w.embedded.tomcat.TomcatWebServer  : Tomcat initialized with port 8080 (http)
2024-06-15T13:59:17.884+09:00  INFO 73566 --- [main] o.apache.catalina.core.StandardService   : Starting service [Tomcat]
2024-06-15T13:59:17.885+09:00  INFO 73566 --- [main] o.apache.catalina.core.StandardEngine    : Starting Servlet engine: [Apache Tomcat/10.1.19]
2024-06-15T13:59:17.942+09:00  INFO 73566 --- [main] o.a.c.c.C.[Tomcat].[localhost].[/]       : Initializing Spring embedded WebApplicationContext
2024-06-15T13:59:17.942+09:00  INFO 73566 --- [main] w.s.c.ServletWebServerApplicationContext : Root WebApplicationContext: initialization completed in 1067 ms
2024-06-15T13:59:17.991+09:00 DEBUG 73566 --- [main] o.springframework.web.filter.CorsFilter  : Filter 'corsFilter' configured for use
2024-06-15T13:59:18.104+09:00  INFO 73566 --- [main] o.hibernate.jpa.internal.util.LogHelper  : HHH000204: Processing PersistenceUnitInfo [name: default]
2024-06-15T13:59:18.164+09:00  INFO 73566 --- [main] org.hibernate.Version                    : HHH000412: Hibernate ORM core version 6.4.4.Final
2024-06-15T13:59:18.187+09:00  INFO 73566 --- [main] o.h.c.internal.RegionFactoryInitiator    : HHH000026: Second-level cache disabled
2024-06-15T13:59:18.342+09:00  INFO 73566 --- [main] o.s.o.j.p.SpringPersistenceUnitInfo      : No LoadTimeWeaver setup: ignoring JPA class transformer
2024-06-15T13:59:18.381+09:00  INFO 73566 --- [main] com.zaxxer.hikari.HikariDataSource       : HikariPool-1 - Starting...
2024-06-15T13:59:18.498+09:00  INFO 73566 --- [main] com.zaxxer.hikari.pool.HikariPool        : HikariPool-1 - Added connection com.mysql.cj.jdbc.ConnectionImpl@c732e1c
2024-06-15T13:59:18.499+09:00  INFO 73566 --- [main] com.zaxxer.hikari.HikariDataSource       : HikariPool-1 - Start completed.
2024-06-15T13:59:19.278+09:00  INFO 73566 --- [main] o.h.e.t.j.p.i.JtaPlatformInitiator       : HHH000489: No JTA platform available (set 'hibernate.transaction.jta.platform' to enable JTA platform integration)
2024-06-15T13:59:19.567+09:00  INFO 73566 --- [main] j.LocalContainerEntityManagerFactoryBean : Initialized JPA EntityManagerFactory for persistence unit 'default'
2024-06-15T13:59:19.808+09:00  INFO 73566 --- [main] o.s.d.j.r.query.QueryEnhancerFactory     : Hibernate is in classpath; If applicable, HQL parser will be used.
2024-06-15T13:59:20.129+09:00  WARN 73566 --- [main] JpaBaseConfiguration$JpaWebConfiguration : spring.jpa.open-in-view is enabled by default. Therefore, database queries may be performed during view rendering. Explicitly configure spring.jpa.open-in-view to disable this warning
2024-06-15T13:59:20.216+09:00 DEBUG 73566 --- [main] o.s.w.s.s.s.WebSocketHandlerMapping      : Patterns [/ws/**] in 'stompWebSocketHandlerMapping'
2024-06-15T13:59:20.256+09:00 DEBUG 73566 --- [main] s.w.s.m.m.a.RequestMappingHandlerMapping : 13 mappings in 'requestMappingHandlerMapping'
2024-06-15T13:59:20.279+09:00 DEBUG 73566 --- [main] o.s.w.s.handler.SimpleUrlHandlerMapping  : Patterns [/webjars/**, /**] in 'resourceHandlerMapping'
2024-06-15T13:59:20.322+09:00  INFO 73566 --- [main] o.s.s.web.DefaultSecurityFilterChain     : Will secure any request with [org.springframework.security.web.session.DisableEncodeUrlFilter@53c68ea5, org.springframework.security.web.session.ForceEagerSessionCreationFilter@7d569c10, org.springframework.security.web.context.request.async.WebAsyncManagerIntegrationFilter@26bd2d7d, org.springframework.security.web.context.SecurityContextHolderFilter@1dc37d4f, org.springframework.security.web.header.HeaderWriterFilter@620ba2b0, org.springframework.web.filter.CorsFilter@6ff0b1cc, org.springframework.security.web.authentication.logout.LogoutFilter@106dee26, org.springframework.security.web.authentication.UsernamePasswordAuthenticationFilter@d3e9629, org.springframework.security.web.savedrequest.RequestCacheAwareFilter@2bfe398b, org.springframework.security.web.servletapi.SecurityContextHolderAwareRequestFilter@4a23be9, org.springframework.security.web.authentication.AnonymousAuthenticationFilter@a712344, org.springframework.security.web.session.SessionManagementFilter@2c634c0, org.springframework.security.web.access.ExceptionTranslationFilter@3c3a8246, org.springframework.security.web.access.intercept.FilterSecurityInterceptor@1d63c523]
2024-06-15T13:59:20.347+09:00 DEBUG 73566 --- [main] .WebSocketAnnotationMethodMessageHandler : 
	q.e.c.c.CardController:
	
2024-06-15T13:59:20.347+09:00 DEBUG 73566 --- [main] .WebSocketAnnotationMethodMessageHandler : 
	q.e.c.BoardController:
	
2024-06-15T13:59:20.347+09:00 DEBUG 73566 --- [main] .WebSocketAnnotationMethodMessageHandler : 
	q.e.c.LoginController:
	
2024-06-15T13:59:20.347+09:00 DEBUG 73566 --- [main] .WebSocketAnnotationMethodMessageHandler : 
	q.e.c.MainController:
	
2024-06-15T13:59:20.348+09:00 DEBUG 73566 --- [main] .WebSocketAnnotationMethodMessageHandler : 
	q.e.c.SignUpController:
	
2024-06-15T13:59:20.348+09:00 DEBUG 73566 --- [main] .WebSocketAnnotationMethodMessageHandler : 
	q.e.c.UserController:
	
2024-06-15T13:59:20.349+09:00 DEBUG 73566 --- [main] .WebSocketAnnotationMethodMessageHandler : 
	q.e.c.WebSocketController:
	{[MESSAGE],[/join]}: joinGame(ParticipantUpdate)
2024-06-15T13:59:20.350+09:00 DEBUG 73566 --- [main] .WebSocketAnnotationMethodMessageHandler : 
	q.e.g.c.GameSessionController:
	
2024-06-15T13:59:20.351+09:00 DEBUG 73566 --- [main] .WebSocketAnnotationMethodMessageHandler : 
	o.s.b.a.w.s.e.BasicErrorController:
	
2024-06-15T13:59:20.385+09:00 DEBUG 73566 --- [main] s.w.s.m.m.a.RequestMappingHandlerAdapter : ControllerAdvice beans: 0 @ModelAttribute, 0 @InitBinder, 1 RequestBodyAdvice, 1 ResponseBodyAdvice
2024-06-15T13:59:20.405+09:00 DEBUG 73566 --- [main] .m.m.a.ExceptionHandlerExceptionResolver : ControllerAdvice beans: 0 @ExceptionHandler, 1 ResponseBodyAdvice
2024-06-15T13:59:20.508+09:00  WARN 73566 --- [main] ConfigServletWebServerApplicationContext : Exception encountered during context initialization - cancelling refresh attempt: org.springframework.context.ApplicationContextException: Failed to start bean 'webServerStartStop'
2024-06-15T13:59:20.510+09:00  INFO 73566 --- [main] j.LocalContainerEntityManagerFactoryBean : Closing JPA EntityManagerFactory for persistence unit 'default'
2024-06-15T13:59:20.512+09:00  INFO 73566 --- [main] com.zaxxer.hikari.HikariDataSource       : HikariPool-1 - Shutdown initiated...
2024-06-15T13:59:20.518+09:00  INFO 73566 --- [main] com.zaxxer.hikari.HikariDataSource       : HikariPool-1 - Shutdown completed.
2024-06-15T13:59:20.528+09:00  INFO 73566 --- [main] .s.b.a.l.ConditionEvaluationReportLogger : 

Error starting ApplicationContext. To display the condition evaluation report re-run your application with 'debug' enabled.
2024-06-15T13:59:20.540+09:00 ERROR 73566 --- [main] o.s.b.d.LoggingFailureAnalysisReporter   : 

***************************
APPLICATION FAILED TO START
***************************

Description:

Web server failed to start. Port 8080 was already in use.

Action:

Identify and stop the process that's listening on port 8080 or configure this application to listen on another port.

2024-06-15T13:59:27.190+09:00  INFO 73405 --- [MessageBroker-1] o.s.w.s.c.WebSocketMessageBrokerStats    : WebSocketSession[0 current WS(0)-HttpStream(0)-HttpPoll(0), 0 total, 0 closed abnormally (0 connect failure, 0 send limit, 0 transport error)], stompSubProtocol[processed CONNECT(0)-CONNECTED(0)-DISCONNECT(0)], stompBrokerRelay[null], inboundChannel[pool size = 0, active threads = 0, queued tasks = 0, completed tasks = 0], outboundChannel[pool size = 0, active threads = 0, queued tasks = 0, completed tasks = 0], sockJsScheduler[pool size = 1, active threads = 1, queued tasks = 0, completed tasks = 0]
